2013/11/26 16:11:48 [error] [exception.CHttpException.404] exception 'CHttpException' with message 'Unable to resolve the request "HoemAn".' in D:\WebServer\htdocs\yii\framework\web\CWebApplication.php:286
Stack trace:
#0 D:\WebServer\htdocs\yii\framework\web\CWebApplication.php(141): CWebApplication->runController('HoemAn')
#1 D:\WebServer\htdocs\yii\framework\base\CApplication.php(169): CWebApplication->processRequest()
#2 D:\WebServer\htdocs\cnAnalysis\index.php(13): CApplication->run()
#3 {main}
REQUEST_URI=/cnAnalysis/index.php?r=HoemAn
---
2013/12/02 13:51:42 [error] [exception.CException] exception 'CException' with message 'Property "DPAnController.SmallPosts" is not defined.' in D:\WebServer\htdocs\yii\framework\base\CComponent.php:130
Stack trace:
#0 D:\WebServer\htdocs\cnAnalysis\protected\views\dPAn\jsmallpost.php(10): CComponent->__get('SmallPosts')
#1 D:\WebServer\htdocs\yii\framework\web\CBaseController.php(126): require('D:\WebServer\ht...')
#2 D:\WebServer\htdocs\yii\framework\web\CBaseController.php(95): CBaseController->renderInternal('D:\WebServer\ht...', NULL, true)
#3 D:\WebServer\htdocs\yii\framework\web\CController.php(869): CBaseController->renderFile('D:\WebServer\ht...', NULL, true)
#4 D:\WebServer\htdocs\yii\framework\web\CController.php(782): CController->renderPartial('jsmallpost', NULL, true)
#5 D:\WebServer\htdocs\cnAnalysis\protected\controllers\DPAnController.php(28): CController->render('jsmallpost')
#6 D:\WebServer\htdocs\yii\framework\web\actions\CInlineAction.php(49): DPAnController->actionGetSmallPost()
#7 D:\WebServer\htdocs\yii\framework\web\CController.php(308): CInlineAction->runWithParams(Array)
#8 D:\WebServer\htdocs\yii\framework\web\CController.php(286): CController->runAction(Object(CInlineAction))
#9 D:\WebServer\htdocs\yii\framework\web\CController.php(265): CController->runActionWithFilters(Object(CInlineAction), Array)
#10 D:\WebServer\htdocs\yii\framework\web\CWebApplication.php(282): CController->run('GetSmallPost')
#11 D:\WebServer\htdocs\yii\framework\web\CWebApplication.php(141): CWebApplication->runController('dPAn/GetSmallPo...')
#12 D:\WebServer\htdocs\yii\framework\base\CApplication.php(169): CWebApplication->processRequest()
#13 D:\WebServer\htdocs\cnAnalysis\index.php(13): CApplication->run()
#14 {main}
REQUEST_URI=/cnAnalysis/?r=dPAn/GetSmallPost
---
2013/12/02 13:55:04 [error] [php] Undefined property: DPAnController::$pageTitle (D:\WebServer\htdocs\cnAnalysis\protected\controllers\DPAnController.php:93)
Stack trace:
#0 D:\WebServer\htdocs\yii\framework\web\CBaseController.php(95): DPAnController->renderInternal()
#1 D:\WebServer\htdocs\yii\framework\web\widgets\CContentDecorator.php(76): DPAnController->renderFile()
#2 D:\WebServer\htdocs\yii\framework\web\widgets\CContentDecorator.php(54): CContentDecorator->decorate()
#3 D:\WebServer\htdocs\yii\framework\web\widgets\COutputProcessor.php(44): CContentDecorator->processOutput()
#4 D:\WebServer\htdocs\yii\framework\web\CBaseController.php(206): CContentDecorator->run()
#5 D:\WebServer\htdocs\yii\framework\web\CBaseController.php(300): DPAnController->endWidget()
#6 D:\WebServer\htdocs\cnAnalysis\protected\views\layouts\column1.php(6): DPAnController->endContent()
#7 D:\WebServer\htdocs\yii\framework\web\CBaseController.php(126): require()
#8 D:\WebServer\htdocs\yii\framework\web\CBaseController.php(95): DPAnController->renderInternal()
#9 D:\WebServer\htdocs\yii\framework\web\CController.php(784): DPAnController->renderFile()
#10 D:\WebServer\htdocs\cnAnalysis\protected\controllers\DPAnController.php(28): DPAnController->render()
#11 D:\WebServer\htdocs\yii\framework\web\actions\CInlineAction.php(49): DPAnController->actionGetSmallPost()
#12 D:\WebServer\htdocs\yii\framework\web\CController.php(308): CInlineAction->runWithParams()
#13 D:\WebServer\htdocs\yii\framework\web\CController.php(286): DPAnController->runAction()
#14 D:\WebServer\htdocs\yii\framework\web\CController.php(265): DPAnController->runActionWithFilters()
#15 D:\WebServer\htdocs\yii\framework\web\CWebApplication.php(282): DPAnController->run()
#16 D:\WebServer\htdocs\yii\framework\web\CWebApplication.php(141): CWebApplication->runController()
#17 D:\WebServer\htdocs\yii\framework\base\CApplication.php(169): CWebApplication->processRequest()
#18 D:\WebServer\htdocs\cnAnalysis\index.php(13): CWebApplication->run()
REQUEST_URI=/cnAnalysis/?r=dPAn/GetSmallPost
in D:\WebServer\htdocs\cnAnalysis\protected\controllers\DPAnController.php (93)
in D:\WebServer\htdocs\cnAnalysis\protected\views\layouts\main.php (18)
in D:\WebServer\htdocs\cnAnalysis\protected\views\layouts\column1.php (6)
2013/12/02 15:41:30 [error] [exception.CHttpException.404] exception 'CHttpException' with message 'The system is unable to find the requested action "index".' in D:\WebServer\htdocs\yii\framework\web\CController.php:483
Stack trace:
#0 D:\WebServer\htdocs\yii\framework\web\CController.php(270): CController->missingAction('')
#1 D:\WebServer\htdocs\yii\framework\web\CWebApplication.php(282): CController->run('')
#2 D:\WebServer\htdocs\yii\framework\web\CWebApplication.php(141): CWebApplication->runController('dPAn')
#3 D:\WebServer\htdocs\yii\framework\base\CApplication.php(169): CWebApplication->processRequest()
#4 D:\WebServer\htdocs\cnAnalysis\index.php(13): CApplication->run()
#5 {main}
REQUEST_URI=/cnAnalysis/?r=dPAn&p=1002
HTTP_REFERER=http://localhost:801/project/test.php
---
2013/12/02 15:48:58 [error] [exception.CHttpException.404] exception 'CHttpException' with message 'The system is unable to find the requested action "index".' in D:\WebServer\htdocs\yii\framework\web\CController.php:483
Stack trace:
#0 D:\WebServer\htdocs\yii\framework\web\CController.php(270): CController->missingAction('')
#1 D:\WebServer\htdocs\yii\framework\web\CWebApplication.php(282): CController->run('')
#2 D:\WebServer\htdocs\yii\framework\web\CWebApplication.php(141): CWebApplication->runController('dPAn')
#3 D:\WebServer\htdocs\yii\framework\base\CApplication.php(169): CWebApplication->processRequest()
#4 D:\WebServer\htdocs\cnAnalysis\index.php(13): CApplication->run()
#5 {main}
REQUEST_URI=/cnAnalysis/?r=dPAn&p=1007
HTTP_REFERER=http://localhost:801/project/test.php
---
2013/12/02 16:57:53 [error] [exception.CHttpException.404] exception 'CHttpException' with message 'The system is unable to find the requested action "index".' in D:\WebServer\htdocs\yii\framework\web\CController.php:483
Stack trace:
#0 D:\WebServer\htdocs\yii\framework\web\CController.php(270): CController->missingAction('')
#1 D:\WebServer\htdocs\yii\framework\web\CWebApplication.php(282): CController->run('')
#2 D:\WebServer\htdocs\yii\framework\web\CWebApplication.php(141): CWebApplication->runController('dPAn')
#3 D:\WebServer\htdocs\yii\framework\base\CApplication.php(169): CWebApplication->processRequest()
#4 D:\WebServer\htdocs\cnAnalysis\index.php(13): CApplication->run()
#5 {main}
REQUEST_URI=/cnAnalysis/?r=dPAn&p=1003
HTTP_REFERER=http://localhost:801/project/test.php
---
2013/12/02 16:57:56 [error] [exception.CHttpException.404] exception 'CHttpException' with message 'The system is unable to find the requested action "index".' in D:\WebServer\htdocs\yii\framework\web\CController.php:483
Stack trace:
#0 D:\WebServer\htdocs\yii\framework\web\CController.php(270): CController->missingAction('')
#1 D:\WebServer\htdocs\yii\framework\web\CWebApplication.php(282): CController->run('')
#2 D:\WebServer\htdocs\yii\framework\web\CWebApplication.php(141): CWebApplication->runController('dPAn')
#3 D:\WebServer\htdocs\yii\framework\base\CApplication.php(169): CWebApplication->processRequest()
#4 D:\WebServer\htdocs\cnAnalysis\index.php(13): CApplication->run()
#5 {main}
REQUEST_URI=/cnAnalysis/?r=dPAn&p=1004
HTTP_REFERER=http://localhost:801/project/test.php
---
2013/12/02 18:12:09 [error] [exception.CHttpException.404] exception 'CHttpException' with message 'The system is unable to find the requested action "index".' in D:\WebServer\htdocs\yii\framework\web\CController.php:483
Stack trace:
#0 D:\WebServer\htdocs\yii\framework\web\CController.php(270): CController->missingAction('')
#1 D:\WebServer\htdocs\yii\framework\web\CWebApplication.php(282): CController->run('')
#2 D:\WebServer\htdocs\yii\framework\web\CWebApplication.php(141): CWebApplication->runController('dPAn')
#3 D:\WebServer\htdocs\yii\framework\base\CApplication.php(169): CWebApplication->processRequest()
#4 D:\WebServer\htdocs\cnAnalysis\index.php(13): CApplication->run()
#5 {main}
REQUEST_URI=/cnAnalysis/?r=dPAn&p=1004
HTTP_REFERER=http://localhost:801/project/test.php
---
2013/12/03 22:20:25 [error] [exception.CHttpException.404] exception 'CHttpException' with message 'The system is unable to find the requested action "index".' in D:\WebServer\htdocs\yii\framework\web\CController.php:483
Stack trace:
#0 D:\WebServer\htdocs\yii\framework\web\CController.php(270): CController->missingAction('')
#1 D:\WebServer\htdocs\yii\framework\web\CWebApplication.php(282): CController->run('')
#2 D:\WebServer\htdocs\yii\framework\web\CWebApplication.php(141): CWebApplication->runController('dpan')
#3 D:\WebServer\htdocs\yii\framework\base\CApplication.php(169): CWebApplication->processRequest()
#4 D:\WebServer\htdocs\cnAnalysis\index.php(13): CApplication->run()
#5 {main}
REQUEST_URI=/cnanalysis/?r=dpan
---
2013/12/03 22:20:25 [error] [exception.CHttpException.404] exception 'CHttpException' with message 'The system is unable to find the requested action "index".' in D:\WebServer\htdocs\yii\framework\web\CController.php:483
Stack trace:
#0 D:\WebServer\htdocs\yii\framework\web\CController.php(270): CController->missingAction('')
#1 D:\WebServer\htdocs\yii\framework\web\CWebApplication.php(282): CController->run('')
#2 D:\WebServer\htdocs\yii\framework\web\CWebApplication.php(141): CWebApplication->runController('dpan/')
#3 D:\WebServer\htdocs\yii\framework\base\CApplication.php(169): CWebApplication->processRequest()
#4 D:\WebServer\htdocs\cnAnalysis\index.php(13): CApplication->run()
#5 {main}
REQUEST_URI=/cnanalysis/?r=dpan/
---
2013/12/03 22:20:25 [error] [exception.CHttpException.404] exception 'CHttpException' with message 'The system is unable to find the requested action "index".' in D:\WebServer\htdocs\yii\framework\web\CController.php:483
Stack trace:
#0 D:\WebServer\htdocs\yii\framework\web\CController.php(270): CController->missingAction('')
#1 D:\WebServer\htdocs\yii\framework\web\CWebApplication.php(282): CController->run('')
#2 D:\WebServer\htdocs\yii\framework\web\CWebApplication.php(141): CWebApplication->runController('dPAn')
#3 D:\WebServer\htdocs\yii\framework\base\CApplication.php(169): CWebApplication->processRequest()
#4 D:\WebServer\htdocs\cnAnalysis\index.php(13): CApplication->run()
#5 {main}
REQUEST_URI=/cnAnalysis/?r=dPAn
---
2013/12/03 22:20:25 [error] [exception.CHttpException.404] exception 'CHttpException' with message 'The system is unable to find the requested action "index".' in D:\WebServer\htdocs\yii\framework\web\CController.php:483
Stack trace:
#0 D:\WebServer\htdocs\yii\framework\web\CController.php(270): CController->missingAction('')
#1 D:\WebServer\htdocs\yii\framework\web\CWebApplication.php(282): CController->run('')
#2 D:\WebServer\htdocs\yii\framework\web\CWebApplication.php(141): CWebApplication->runController('dPAn/')
#3 D:\WebServer\htdocs\yii\framework\base\CApplication.php(169): CWebApplication->processRequest()
#4 D:\WebServer\htdocs\cnAnalysis\index.php(13): CApplication->run()
#5 {main}
REQUEST_URI=/cnAnalysis/?r=dPAn/
---
2013/12/03 22:28:35 [error] [php] Undefined index: link (D:\WebServer\htdocs\cnAnalysis\protected\components\jmFileAttachment.php:32)
Stack trace:
#0 D:\WebServer\htdocs\yii\framework\web\actions\CInlineAction.php(49): DPAnController->actionGetBigPost()
#1 D:\WebServer\htdocs\yii\framework\web\CController.php(308): CInlineAction->runWithParams()
#2 D:\WebServer\htdocs\yii\framework\web\CController.php(286): DPAnController->runAction()
#3 D:\WebServer\htdocs\yii\framework\web\CController.php(265): DPAnController->runActionWithFilters()
#4 D:\WebServer\htdocs\yii\framework\web\CWebApplication.php(282): DPAnController->run()
#5 D:\WebServer\htdocs\yii\framework\web\CWebApplication.php(141): CWebApplication->runController()
#6 D:\WebServer\htdocs\yii\framework\base\CApplication.php(169): CWebApplication->processRequest()
#7 D:\WebServer\htdocs\cnAnalysis\index.php(13): CWebApplication->run()
REQUEST_URI=/cnAnalysis/?r=dPAn/GetBigPost&pid=1001
in D:\WebServer\htdocs\cnAnalysis\protected\components\jmFileAttachment.php (32)
in D:\WebServer\htdocs\cnAnalysis\protected\controllers\DPAnController.php (128)
in D:\WebServer\htdocs\cnAnalysis\protected\controllers\DPAnController.php (53)
2013/12/03 22:29:58 [error] [php] Undefined index: fromLink (D:\WebServer\htdocs\cnAnalysis\protected\components\jmBigPost.php:47)
Stack trace:
#0 D:\WebServer\htdocs\yii\framework\web\actions\CInlineAction.php(49): DPAnController->actionGetBigPost()
#1 D:\WebServer\htdocs\yii\framework\web\CController.php(308): CInlineAction->runWithParams()
#2 D:\WebServer\htdocs\yii\framework\web\CController.php(286): DPAnController->runAction()
#3 D:\WebServer\htdocs\yii\framework\web\CController.php(265): DPAnController->runActionWithFilters()
#4 D:\WebServer\htdocs\yii\framework\web\CWebApplication.php(282): DPAnController->run()
#5 D:\WebServer\htdocs\yii\framework\web\CWebApplication.php(141): CWebApplication->runController()
#6 D:\WebServer\htdocs\yii\framework\base\CApplication.php(169): CWebApplication->processRequest()
#7 D:\WebServer\htdocs\cnAnalysis\index.php(13): CWebApplication->run()
REQUEST_URI=/cnAnalysis/?r=dPAn/GetBigPost&pid=1001
in D:\WebServer\htdocs\cnAnalysis\protected\components\jmBigPost.php (47)
in D:\WebServer\htdocs\cnAnalysis\protected\controllers\DPAnController.php (144)
in D:\WebServer\htdocs\cnAnalysis\protected\controllers\DPAnController.php (53)
2013/12/03 22:30:19 [error] [php] Undefined index: fromlink (D:\WebServer\htdocs\cnAnalysis\protected\components\jmBigPost.php:47)
Stack trace:
#0 D:\WebServer\htdocs\yii\framework\web\actions\CInlineAction.php(49): DPAnController->actionGetBigPost()
#1 D:\WebServer\htdocs\yii\framework\web\CController.php(308): CInlineAction->runWithParams()
#2 D:\WebServer\htdocs\yii\framework\web\CController.php(286): DPAnController->runAction()
#3 D:\WebServer\htdocs\yii\framework\web\CController.php(265): DPAnController->runActionWithFilters()
#4 D:\WebServer\htdocs\yii\framework\web\CWebApplication.php(282): DPAnController->run()
#5 D:\WebServer\htdocs\yii\framework\web\CWebApplication.php(141): CWebApplication->runController()
#6 D:\WebServer\htdocs\yii\framework\base\CApplication.php(169): CWebApplication->processRequest()
#7 D:\WebServer\htdocs\cnAnalysis\index.php(13): CWebApplication->run()
REQUEST_URI=/cnAnalysis/?r=dPAn/GetBigPost&pid=1001
in D:\WebServer\htdocs\cnAnalysis\protected\components\jmBigPost.php (47)
in D:\WebServer\htdocs\cnAnalysis\protected\controllers\DPAnController.php (144)
in D:\WebServer\htdocs\cnAnalysis\protected\controllers\DPAnController.php (53)
2013/12/03 22:30:21 [error] [php] Undefined index: fromlink (D:\WebServer\htdocs\cnAnalysis\protected\components\jmBigPost.php:47)
Stack trace:
#0 D:\WebServer\htdocs\yii\framework\web\actions\CInlineAction.php(49): DPAnController->actionGetBigPost()
#1 D:\WebServer\htdocs\yii\framework\web\CController.php(308): CInlineAction->runWithParams()
#2 D:\WebServer\htdocs\yii\framework\web\CController.php(286): DPAnController->runAction()
#3 D:\WebServer\htdocs\yii\framework\web\CController.php(265): DPAnController->runActionWithFilters()
#4 D:\WebServer\htdocs\yii\framework\web\CWebApplication.php(282): DPAnController->run()
#5 D:\WebServer\htdocs\yii\framework\web\CWebApplication.php(141): CWebApplication->runController()
#6 D:\WebServer\htdocs\yii\framework\base\CApplication.php(169): CWebApplication->processRequest()
#7 D:\WebServer\htdocs\cnAnalysis\index.php(13): CWebApplication->run()
REQUEST_URI=/cnAnalysis/?r=dPAn/GetBigPost&pid=1001
in D:\WebServer\htdocs\cnAnalysis\protected\components\jmBigPost.php (47)
in D:\WebServer\htdocs\cnAnalysis\protected\controllers\DPAnController.php (144)
in D:\WebServer\htdocs\cnAnalysis\protected\controllers\DPAnController.php (53)
2013/12/03 22:30:21 [error] [php] Undefined index: fromlink (D:\WebServer\htdocs\cnAnalysis\protected\components\jmBigPost.php:47)
Stack trace:
#0 D:\WebServer\htdocs\yii\framework\web\actions\CInlineAction.php(49): DPAnController->actionGetBigPost()
#1 D:\WebServer\htdocs\yii\framework\web\CController.php(308): CInlineAction->runWithParams()
#2 D:\WebServer\htdocs\yii\framework\web\CController.php(286): DPAnController->runAction()
#3 D:\WebServer\htdocs\yii\framework\web\CController.php(265): DPAnController->runActionWithFilters()
#4 D:\WebServer\htdocs\yii\framework\web\CWebApplication.php(282): DPAnController->run()
#5 D:\WebServer\htdocs\yii\framework\web\CWebApplication.php(141): CWebApplication->runController()
#6 D:\WebServer\htdocs\yii\framework\base\CApplication.php(169): CWebApplication->processRequest()
#7 D:\WebServer\htdocs\cnAnalysis\index.php(13): CWebApplication->run()
REQUEST_URI=/cnAnalysis/?r=dPAn/GetBigPost&pid=1001
in D:\WebServer\htdocs\cnAnalysis\protected\components\jmBigPost.php (47)
in D:\WebServer\htdocs\cnAnalysis\protected\controllers\DPAnController.php (144)
in D:\WebServer\htdocs\cnAnalysis\protected\controllers\DPAnController.php (53)
2013/12/03 22:33:59 [error] [php] Undefined index: link (D:\WebServer\htdocs\cnAnalysis\protected\views\dPAn\jbigpost.php:20)
Stack trace:
#0 D:\WebServer\htdocs\yii\framework\web\CController.php(869): DPAnController->renderFile()
#1 D:\WebServer\htdocs\yii\framework\web\CController.php(782): DPAnController->renderPartial()
#2 D:\WebServer\htdocs\cnAnalysis\protected\controllers\DPAnController.php(54): DPAnController->render()
#3 D:\WebServer\htdocs\yii\framework\web\actions\CInlineAction.php(49): DPAnController->actionGetBigPost()
#4 D:\WebServer\htdocs\yii\framework\web\CController.php(308): CInlineAction->runWithParams()
#5 D:\WebServer\htdocs\yii\framework\web\CController.php(286): DPAnController->runAction()
#6 D:\WebServer\htdocs\yii\framework\web\CController.php(265): DPAnController->runActionWithFilters()
#7 D:\WebServer\htdocs\yii\framework\web\CWebApplication.php(282): DPAnController->run()
#8 D:\WebServer\htdocs\yii\framework\web\CWebApplication.php(141): CWebApplication->runController()
#9 D:\WebServer\htdocs\yii\framework\base\CApplication.php(169): CWebApplication->processRequest()
#10 D:\WebServer\htdocs\cnAnalysis\index.php(13): CWebApplication->run()
REQUEST_URI=/cnAnalysis/?r=dPAn/GetBigPost&pid=1001
in D:\WebServer\htdocs\cnAnalysis\protected\views\dPAn\jbigpost.php (20)
in D:\WebServer\htdocs\cnAnalysis\protected\controllers\DPAnController.php (54)
in D:\WebServer\htdocs\cnAnalysis\index.php (13)
2013/12/03 22:35:29 [error] [php] Undefined index: type (D:\WebServer\htdocs\cnAnalysis\protected\views\dPAn\jbigpost.php:23)
Stack trace:
#0 D:\WebServer\htdocs\yii\framework\web\CController.php(869): DPAnController->renderFile()
#1 D:\WebServer\htdocs\yii\framework\web\CController.php(782): DPAnController->renderPartial()
#2 D:\WebServer\htdocs\cnAnalysis\protected\controllers\DPAnController.php(54): DPAnController->render()
#3 D:\WebServer\htdocs\yii\framework\web\actions\CInlineAction.php(49): DPAnController->actionGetBigPost()
#4 D:\WebServer\htdocs\yii\framework\web\CController.php(308): CInlineAction->runWithParams()
#5 D:\WebServer\htdocs\yii\framework\web\CController.php(286): DPAnController->runAction()
#6 D:\WebServer\htdocs\yii\framework\web\CController.php(265): DPAnController->runActionWithFilters()
#7 D:\WebServer\htdocs\yii\framework\web\CWebApplication.php(282): DPAnController->run()
#8 D:\WebServer\htdocs\yii\framework\web\CWebApplication.php(141): CWebApplication->runController()
#9 D:\WebServer\htdocs\yii\framework\base\CApplication.php(169): CWebApplication->processRequest()
#10 D:\WebServer\htdocs\cnAnalysis\index.php(13): CWebApplication->run()
REQUEST_URI=/cnAnalysis/?r=dPAn/GetBigPost&pid=1001
in D:\WebServer\htdocs\cnAnalysis\protected\views\dPAn\jbigpost.php (23)
in D:\WebServer\htdocs\cnAnalysis\protected\controllers\DPAnController.php (54)
in D:\WebServer\htdocs\cnAnalysis\index.php (13)
2013/12/18 16:46:24 [error] [exception.CException] exception 'CException' with message 'HomeAnController cannot find the requested view "index".' in D:\WebServer\htdocs\yii\framework\web\CController.php:878
Stack trace:
#0 D:\WebServer\htdocs\yii\framework\web\CController.php(782): CController->renderPartial('index', NULL, true)
#1 D:\WebServer\htdocs\cnAnalysis\protected\controllers\HomeAnController.php(28): CController->render('index')
#2 D:\WebServer\htdocs\yii\framework\web\actions\CInlineAction.php(49): HomeAnController->actionIndex()
#3 D:\WebServer\htdocs\yii\framework\web\CController.php(308): CInlineAction->runWithParams(Array)
#4 D:\WebServer\htdocs\yii\framework\web\CController.php(286): CController->runAction(Object(CInlineAction))
#5 D:\WebServer\htdocs\yii\framework\web\CController.php(265): CController->runActionWithFilters(Object(CInlineAction), Array)
#6 D:\WebServer\htdocs\yii\framework\web\CWebApplication.php(282): CController->run('')
#7 D:\WebServer\htdocs\yii\framework\web\CWebApplication.php(141): CWebApplication->runController('')
#8 D:\WebServer\htdocs\yii\framework\base\CApplication.php(169): CWebApplication->processRequest()
#9 D:\WebServer\htdocs\cnAnalysis\index.php(13): CApplication->run()
#10 {main}
REQUEST_URI=/cnAnalysis/
---
2013/12/18 16:46:57 [error] [exception.CException] exception 'CException' with message 'HomeAnController cannot find the requested view "homepage".' in D:\WebServer\htdocs\yii\framework\web\CController.php:878
Stack trace:
#0 D:\WebServer\htdocs\yii\framework\web\CController.php(782): CController->renderPartial('homepage', NULL, true)
#1 D:\WebServer\htdocs\cnAnalysis\protected\controllers\HomeAnController.php(28): CController->render('homepage')
#2 D:\WebServer\htdocs\yii\framework\web\actions\CInlineAction.php(49): HomeAnController->actionIndex()
#3 D:\WebServer\htdocs\yii\framework\web\CController.php(308): CInlineAction->runWithParams(Array)
#4 D:\WebServer\htdocs\yii\framework\web\CController.php(286): CController->runAction(Object(CInlineAction))
#5 D:\WebServer\htdocs\yii\framework\web\CController.php(265): CController->runActionWithFilters(Object(CInlineAction), Array)
#6 D:\WebServer\htdocs\yii\framework\web\CWebApplication.php(282): CController->run('')
#7 D:\WebServer\htdocs\yii\framework\web\CWebApplication.php(141): CWebApplication->runController('')
#8 D:\WebServer\htdocs\yii\framework\base\CApplication.php(169): CWebApplication->processRequest()
#9 D:\WebServer\htdocs\cnAnalysis\index.php(13): CApplication->run()
#10 {main}
REQUEST_URI=/cnAnalysis/
---
2013/12/18 16:50:01 [error] [exception.CException] exception 'CException' with message 'HomeAnController cannot find the requested view "index".' in D:\WebServer\htdocs\yii\framework\web\CController.php:878
Stack trace:
#0 D:\WebServer\htdocs\yii\framework\web\CController.php(782): CController->renderPartial('index', NULL, true)
#1 D:\WebServer\htdocs\cnAnalysis\protected\controllers\HomeAnController.php(28): CController->render('index')
#2 D:\WebServer\htdocs\yii\framework\web\actions\CInlineAction.php(49): HomeAnController->actionIndex()
#3 D:\WebServer\htdocs\yii\framework\web\CController.php(308): CInlineAction->runWithParams(Array)
#4 D:\WebServer\htdocs\yii\framework\web\CController.php(286): CController->runAction(Object(CInlineAction))
#5 D:\WebServer\htdocs\yii\framework\web\CController.php(265): CController->runActionWithFilters(Object(CInlineAction), Array)
#6 D:\WebServer\htdocs\yii\framework\web\CWebApplication.php(282): CController->run('')
#7 D:\WebServer\htdocs\yii\framework\web\CWebApplication.php(141): CWebApplication->runController('')
#8 D:\WebServer\htdocs\yii\framework\base\CApplication.php(169): CWebApplication->processRequest()
#9 D:\WebServer\htdocs\cnAnalysis\index.php(13): CApplication->run()
#10 {main}
REQUEST_URI=/cnAnalysis/
---
2013/12/18 17:25:32 [error] [exception.CException] exception 'CException' with message 'HomeAnController cannot find the requested view "index".' in D:\WebServer\htdocs\yii\framework\web\CController.php:878
Stack trace:
#0 D:\WebServer\htdocs\yii\framework\web\CController.php(782): CController->renderPartial('index', NULL, true)
#1 D:\WebServer\htdocs\cnAnalysis\protected\controllers\HomeAnController.php(28): CController->render('index')
#2 D:\WebServer\htdocs\yii\framework\web\actions\CInlineAction.php(49): HomeAnController->actionIndex()
#3 D:\WebServer\htdocs\yii\framework\web\CController.php(308): CInlineAction->runWithParams(Array)
#4 D:\WebServer\htdocs\yii\framework\web\CController.php(286): CController->runAction(Object(CInlineAction))
#5 D:\WebServer\htdocs\yii\framework\web\CController.php(265): CController->runActionWithFilters(Object(CInlineAction), Array)
#6 D:\WebServer\htdocs\yii\framework\web\CWebApplication.php(282): CController->run('')
#7 D:\WebServer\htdocs\yii\framework\web\CWebApplication.php(141): CWebApplication->runController('')
#8 D:\WebServer\htdocs\yii\framework\base\CApplication.php(169): CWebApplication->processRequest()
#9 D:\WebServer\htdocs\cnAnalysis\index.php(13): CApplication->run()
#10 {main}
REQUEST_URI=/cnAnalysis/
---
2013/12/18 17:26:10 [error] [exception.CException] exception 'CException' with message 'HomeAnController cannot find the requested view "index".' in D:\WebServer\htdocs\yii\framework\web\CController.php:878
Stack trace:
#0 D:\WebServer\htdocs\yii\framework\web\CController.php(782): CController->renderPartial('index', NULL, true)
#1 D:\WebServer\htdocs\cnAnalysis\protected\controllers\HomeAnController.php(28): CController->render('index')
#2 D:\WebServer\htdocs\yii\framework\web\actions\CInlineAction.php(49): HomeAnController->actionIndex()
#3 D:\WebServer\htdocs\yii\framework\web\CController.php(308): CInlineAction->runWithParams(Array)
#4 D:\WebServer\htdocs\yii\framework\web\CController.php(286): CController->runAction(Object(CInlineAction))
#5 D:\WebServer\htdocs\yii\framework\web\CController.php(265): CController->runActionWithFilters(Object(CInlineAction), Array)
#6 D:\WebServer\htdocs\yii\framework\web\CWebApplication.php(282): CController->run('')
#7 D:\WebServer\htdocs\yii\framework\web\CWebApplication.php(141): CWebApplication->runController('')
#8 D:\WebServer\htdocs\yii\framework\base\CApplication.php(169): CWebApplication->processRequest()
#9 D:\WebServer\htdocs\cnAnalysis\index.php(13): CApplication->run()
#10 {main}
REQUEST_URI=/cnAnalysis/
---
2013/12/18 17:29:09 [error] [exception.CException] exception 'CException' with message 'HomeAnController cannot find the requested view "index".' in D:\WebServer\htdocs\yii\framework\web\CController.php:878
Stack trace:
#0 D:\WebServer\htdocs\yii\framework\web\CController.php(782): CController->renderPartial('index', NULL, true)
#1 D:\WebServer\htdocs\cnAnalysis\protected\controllers\HomeAnController.php(28): CController->render('index')
#2 D:\WebServer\htdocs\yii\framework\web\actions\CInlineAction.php(49): HomeAnController->actionIndex()
#3 D:\WebServer\htdocs\yii\framework\web\CController.php(308): CInlineAction->runWithParams(Array)
#4 D:\WebServer\htdocs\yii\framework\web\CController.php(286): CController->runAction(Object(CInlineAction))
#5 D:\WebServer\htdocs\yii\framework\web\CController.php(265): CController->runActionWithFilters(Object(CInlineAction), Array)
#6 D:\WebServer\htdocs\yii\framework\web\CWebApplication.php(282): CController->run('')
#7 D:\WebServer\htdocs\yii\framework\web\CWebApplication.php(141): CWebApplication->runController('')
#8 D:\WebServer\htdocs\yii\framework\base\CApplication.php(169): CWebApplication->processRequest()
#9 D:\WebServer\htdocs\cnAnalysis\index.php(13): CApplication->run()
#10 {main}
REQUEST_URI=/cnAnalysis/
---
2013/12/18 17:30:10 [error] [exception.CException] exception 'CException' with message 'HomeAnController cannot find the requested view "index".' in D:\WebServer\htdocs\yii\framework\web\CController.php:878
Stack trace:
#0 D:\WebServer\htdocs\yii\framework\web\CController.php(782): CController->renderPartial('index', NULL, true)
#1 D:\WebServer\htdocs\cnAnalysis\protected\controllers\HomeAnController.php(28): CController->render('index')
#2 D:\WebServer\htdocs\yii\framework\web\actions\CInlineAction.php(49): HomeAnController->actionIndex()
#3 D:\WebServer\htdocs\yii\framework\web\CController.php(308): CInlineAction->runWithParams(Array)
#4 D:\WebServer\htdocs\yii\framework\web\CController.php(286): CController->runAction(Object(CInlineAction))
#5 D:\WebServer\htdocs\yii\framework\web\CController.php(265): CController->runActionWithFilters(Object(CInlineAction), Array)
#6 D:\WebServer\htdocs\yii\framework\web\CWebApplication.php(282): CController->run('')
#7 D:\WebServer\htdocs\yii\framework\web\CWebApplication.php(141): CWebApplication->runController('')
#8 D:\WebServer\htdocs\yii\framework\base\CApplication.php(169): CWebApplication->processRequest()
#9 D:\WebServer\htdocs\cnAnalysis\index.php(13): CApplication->run()
#10 {main}
REQUEST_URI=/cnAnalysis/
---
2013/12/18 17:33:46 [error] [exception.CException] exception 'CException' with message 'HomeAnController cannot find the requested view "home".' in D:\WebServer\htdocs\yii\framework\web\CController.php:878
Stack trace:
#0 D:\WebServer\htdocs\yii\framework\web\CController.php(782): CController->renderPartial('home', NULL, true)
#1 D:\WebServer\htdocs\cnAnalysis\protected\controllers\HomeAnController.php(28): CController->render('home')
#2 D:\WebServer\htdocs\yii\framework\web\actions\CInlineAction.php(49): HomeAnController->actionIndex()
#3 D:\WebServer\htdocs\yii\framework\web\CController.php(308): CInlineAction->runWithParams(Array)
#4 D:\WebServer\htdocs\yii\framework\web\CController.php(286): CController->runAction(Object(CInlineAction))
#5 D:\WebServer\htdocs\yii\framework\web\CController.php(265): CController->runActionWithFilters(Object(CInlineAction), Array)
#6 D:\WebServer\htdocs\yii\framework\web\CWebApplication.php(282): CController->run('')
#7 D:\WebServer\htdocs\yii\framework\web\CWebApplication.php(141): CWebApplication->runController('')
#8 D:\WebServer\htdocs\yii\framework\base\CApplication.php(169): CWebApplication->processRequest()
#9 D:\WebServer\htdocs\cnAnalysis\index.php(13): CApplication->run()
#10 {main}
REQUEST_URI=/cnAnalysis/
---
2013/12/18 17:45:12 [error] [exception.CException] exception 'CException' with message 'HomeAnController cannot find the requested view "home".' in D:\WebServer\htdocs\yii\framework\web\CController.php:878
Stack trace:
#0 D:\WebServer\htdocs\yii\framework\web\CController.php(782): CController->renderPartial('home', NULL, true)
#1 D:\WebServer\htdocs\cnAnalysis\protected\controllers\HomeAnController.php(28): CController->render('home')
#2 D:\WebServer\htdocs\yii\framework\web\actions\CInlineAction.php(49): HomeAnController->actionIndex()
#3 D:\WebServer\htdocs\yii\framework\web\CController.php(308): CInlineAction->runWithParams(Array)
#4 D:\WebServer\htdocs\yii\framework\web\CController.php(286): CController->runAction(Object(CInlineAction))
#5 D:\WebServer\htdocs\yii\framework\web\CController.php(265): CController->runActionWithFilters(Object(CInlineAction), Array)
#6 D:\WebServer\htdocs\yii\framework\web\CWebApplication.php(282): CController->run('')
#7 D:\WebServer\htdocs\yii\framework\web\CWebApplication.php(141): CWebApplication->runController('')
#8 D:\WebServer\htdocs\yii\framework\base\CApplication.php(169): CWebApplication->processRequest()
#9 D:\WebServer\htdocs\cnAnalysis\index.php(13): CApplication->run()
#10 {main}
REQUEST_URI=/cnAnalysis/
---
2013/12/18 17:51:17 [error] [exception.CException] exception 'CException' with message 'HomeAnController cannot find the requested view "index".' in D:\WebServer\htdocs\yii\framework\web\CController.php:878
Stack trace:
#0 D:\WebServer\htdocs\yii\framework\web\CController.php(782): CController->renderPartial('index', NULL, true)
#1 D:\WebServer\htdocs\cnAnalysis\protected\controllers\HomeAnController.php(28): CController->render('index')
#2 D:\WebServer\htdocs\yii\framework\web\actions\CInlineAction.php(49): HomeAnController->actionIndex()
#3 D:\WebServer\htdocs\yii\framework\web\CController.php(308): CInlineAction->runWithParams(Array)
#4 D:\WebServer\htdocs\yii\framework\web\CController.php(286): CController->runAction(Object(CInlineAction))
#5 D:\WebServer\htdocs\yii\framework\web\CController.php(265): CController->runActionWithFilters(Object(CInlineAction), Array)
#6 D:\WebServer\htdocs\yii\framework\web\CWebApplication.php(282): CController->run('')
#7 D:\WebServer\htdocs\yii\framework\web\CWebApplication.php(141): CWebApplication->runController('')
#8 D:\WebServer\htdocs\yii\framework\base\CApplication.php(169): CWebApplication->processRequest()
#9 D:\WebServer\htdocs\cnAnalysis\index.php(13): CApplication->run()
#10 {main}
REQUEST_URI=/cnAnalysis/
---
2013/12/18 17:53:21 [error] [exception.CException] exception 'CException' with message 'HomeAnController cannot find the requested view "index".' in D:\WebServer\htdocs\yii\framework\web\CController.php:878
Stack trace:
#0 D:\WebServer\htdocs\yii\framework\web\CController.php(782): CController->renderPartial('index', NULL, true)
#1 D:\WebServer\htdocs\cnAnalysis\protected\controllers\HomeAnController.php(28): CController->render('index')
#2 D:\WebServer\htdocs\yii\framework\web\actions\CInlineAction.php(49): HomeAnController->actionIndex()
#3 D:\WebServer\htdocs\yii\framework\web\CController.php(308): CInlineAction->runWithParams(Array)
#4 D:\WebServer\htdocs\yii\framework\web\CController.php(286): CController->runAction(Object(CInlineAction))
#5 D:\WebServer\htdocs\yii\framework\web\CController.php(265): CController->runActionWithFilters(Object(CInlineAction), Array)
#6 D:\WebServer\htdocs\yii\framework\web\CWebApplication.php(282): CController->run('')
#7 D:\WebServer\htdocs\yii\framework\web\CWebApplication.php(141): CWebApplication->runController('')
#8 D:\WebServer\htdocs\yii\framework\base\CApplication.php(169): CWebApplication->processRequest()
#9 D:\WebServer\htdocs\cnAnalysis\index.php(13): CApplication->run()
#10 {main}
REQUEST_URI=/cnAnalysis/
---
2013/12/18 20:42:30 [error] [exception.CException] exception 'CException' with message 'HomeAnController cannot find the requested view "index".' in D:\WebServer\htdocs\yii\framework\web\CController.php:878
Stack trace:
#0 D:\WebServer\htdocs\yii\framework\web\CController.php(782): CController->renderPartial('index', NULL, true)
#1 D:\WebServer\htdocs\cnAnalysis\protected\controllers\HomeAnController.php(28): CController->render('index')
#2 D:\WebServer\htdocs\yii\framework\web\actions\CInlineAction.php(49): HomeAnController->actionIndex()
#3 D:\WebServer\htdocs\yii\framework\web\CController.php(308): CInlineAction->runWithParams(Array)
#4 D:\WebServer\htdocs\yii\framework\web\CController.php(286): CController->runAction(Object(CInlineAction))
#5 D:\WebServer\htdocs\yii\framework\web\CController.php(265): CController->runActionWithFilters(Object(CInlineAction), Array)
#6 D:\WebServer\htdocs\yii\framework\web\CWebApplication.php(282): CController->run('')
#7 D:\WebServer\htdocs\yii\framework\web\CWebApplication.php(141): CWebApplication->runController('homeAn')
#8 D:\WebServer\htdocs\yii\framework\base\CApplication.php(169): CWebApplication->processRequest()
#9 D:\WebServer\htdocs\cnAnalysis\index.php(13): CApplication->run()
#10 {main}
REQUEST_URI=/cnAnalysis/?r=homeAn
---
2013/12/18 20:42:32 [error] [exception.CException] exception 'CException' with message 'HomeAnController cannot find the requested view "index".' in D:\WebServer\htdocs\yii\framework\web\CController.php:878
Stack trace:
#0 D:\WebServer\htdocs\yii\framework\web\CController.php(782): CController->renderPartial('index', NULL, true)
#1 D:\WebServer\htdocs\cnAnalysis\protected\controllers\HomeAnController.php(28): CController->render('index')
#2 D:\WebServer\htdocs\yii\framework\web\actions\CInlineAction.php(49): HomeAnController->actionIndex()
#3 D:\WebServer\htdocs\yii\framework\web\CController.php(308): CInlineAction->runWithParams(Array)
#4 D:\WebServer\htdocs\yii\framework\web\CController.php(286): CController->runAction(Object(CInlineAction))
#5 D:\WebServer\htdocs\yii\framework\web\CController.php(265): CController->runActionWithFilters(Object(CInlineAction), Array)
#6 D:\WebServer\htdocs\yii\framework\web\CWebApplication.php(282): CController->run('')
#7 D:\WebServer\htdocs\yii\framework\web\CWebApplication.php(141): CWebApplication->runController('homeAn')
#8 D:\WebServer\htdocs\yii\framework\base\CApplication.php(169): CWebApplication->processRequest()
#9 D:\WebServer\htdocs\cnAnalysis\index.php(13): CApplication->run()
#10 {main}
REQUEST_URI=/cnAnalysis/?r=homeAn
---
2013/12/18 20:42:34 [error] [exception.CException] exception 'CException' with message 'HomeAnController cannot find the requested view "index".' in D:\WebServer\htdocs\yii\framework\web\CController.php:878
Stack trace:
#0 D:\WebServer\htdocs\yii\framework\web\CController.php(782): CController->renderPartial('index', NULL, true)
#1 D:\WebServer\htdocs\cnAnalysis\protected\controllers\HomeAnController.php(28): CController->render('index')
#2 D:\WebServer\htdocs\yii\framework\web\actions\CInlineAction.php(49): HomeAnController->actionIndex()
#3 D:\WebServer\htdocs\yii\framework\web\CController.php(308): CInlineAction->runWithParams(Array)
#4 D:\WebServer\htdocs\yii\framework\web\CController.php(286): CController->runAction(Object(CInlineAction))
#5 D:\WebServer\htdocs\yii\framework\web\CController.php(265): CController->runActionWithFilters(Object(CInlineAction), Array)
#6 D:\WebServer\htdocs\yii\framework\web\CWebApplication.php(282): CController->run('')
#7 D:\WebServer\htdocs\yii\framework\web\CWebApplication.php(141): CWebApplication->runController('homeAn')
#8 D:\WebServer\htdocs\yii\framework\base\CApplication.php(169): CWebApplication->processRequest()
#9 D:\WebServer\htdocs\cnAnalysis\index.php(13): CApplication->run()
#10 {main}
REQUEST_URI=/cnAnalysis/?r=homeAn
---
2013/12/18 20:47:40 [error] [exception.CException] exception 'CException' with message 'HomeAnController cannot find the requested view "index".' in D:\WebServer\htdocs\yii\framework\web\CController.php:878
Stack trace:
#0 D:\WebServer\htdocs\yii\framework\web\CController.php(782): CController->renderPartial('index', NULL, true)
#1 D:\WebServer\htdocs\cnAnalysis\protected\controllers\HomeAnController.php(29): CController->render('index')
#2 D:\WebServer\htdocs\yii\framework\web\actions\CInlineAction.php(49): HomeAnController->actionHome()
#3 D:\WebServer\htdocs\yii\framework\web\CController.php(308): CInlineAction->runWithParams(Array)
#4 D:\WebServer\htdocs\yii\framework\web\CController.php(286): CController->runAction(Object(CInlineAction))
#5 D:\WebServer\htdocs\yii\framework\web\CController.php(265): CController->runActionWithFilters(Object(CInlineAction), Array)
#6 D:\WebServer\htdocs\yii\framework\web\CWebApplication.php(282): CController->run('')
#7 D:\WebServer\htdocs\yii\framework\web\CWebApplication.php(141): CWebApplication->runController('homeAn')
#8 D:\WebServer\htdocs\yii\framework\base\CApplication.php(169): CWebApplication->processRequest()
#9 D:\WebServer\htdocs\cnAnalysis\index.php(13): CApplication->run()
#10 {main}
REQUEST_URI=/cnAnalysis/?r=homeAn
---
2013/12/18 20:47:53 [error] [exception.CException] exception 'CException' with message 'HomeAnController cannot find the requested view "index".' in D:\WebServer\htdocs\yii\framework\web\CController.php:878
Stack trace:
#0 D:\WebServer\htdocs\yii\framework\web\CController.php(782): CController->renderPartial('index', NULL, true)
#1 D:\WebServer\htdocs\cnAnalysis\protected\controllers\HomeAnController.php(29): CController->render('index')
#2 D:\WebServer\htdocs\yii\framework\web\actions\CInlineAction.php(49): HomeAnController->actionHome()
#3 D:\WebServer\htdocs\yii\framework\web\CController.php(308): CInlineAction->runWithParams(Array)
#4 D:\WebServer\htdocs\yii\framework\web\CController.php(286): CController->runAction(Object(CInlineAction))
#5 D:\WebServer\htdocs\yii\framework\web\CController.php(265): CController->runActionWithFilters(Object(CInlineAction), Array)
#6 D:\WebServer\htdocs\yii\framework\web\CWebApplication.php(282): CController->run('')
#7 D:\WebServer\htdocs\yii\framework\web\CWebApplication.php(141): CWebApplication->runController('homeAn')
#8 D:\WebServer\htdocs\yii\framework\base\CApplication.php(169): CWebApplication->processRequest()
#9 D:\WebServer\htdocs\cnAnalysis\index.php(13): CApplication->run()
#10 {main}
REQUEST_URI=/cnAnalysis/?r=homeAn
---
2013/12/18 20:48:51 [error] [php] Missing argument 1 for CController::__construct(), called in D:\WebServer\htdocs\cnAnalysis\protected\controllers\HomeAnController.php on line 24 and defined (D:\WebServer\htdocs\yii\framework\web\CController.php:110)
Stack trace:
#0 D:\WebServer\htdocs\yii\framework\web\CWebApplication.php(276): CWebApplication->createController()
#1 D:\WebServer\htdocs\yii\framework\web\CWebApplication.php(141): CWebApplication->runController()
#2 D:\WebServer\htdocs\yii\framework\base\CApplication.php(169): CWebApplication->processRequest()
#3 D:\WebServer\htdocs\cnAnalysis\index.php(13): CWebApplication->run()
REQUEST_URI=/cnAnalysis/?r=homeAn
in D:\WebServer\htdocs\cnAnalysis\protected\controllers\HomeAnController.php (24)
in D:\WebServer\htdocs\cnAnalysis\index.php (13)
2013/12/18 20:52:54 [error] [php] Undefined variable: TheLoginURL (D:\WebServer\htdocs\cnAnalysis\protected\controllers\HomeAnController.php:29)
Stack trace:
#0 D:\WebServer\htdocs\yii\framework\web\CController.php(286): HomeAnController->runAction()
#1 D:\WebServer\htdocs\yii\framework\web\CController.php(265): HomeAnController->runActionWithFilters()
#2 D:\WebServer\htdocs\yii\framework\web\CWebApplication.php(282): HomeAnController->run()
#3 D:\WebServer\htdocs\yii\framework\web\CWebApplication.php(141): CWebApplication->runController()
#4 D:\WebServer\htdocs\yii\framework\base\CApplication.php(169): CWebApplication->processRequest()
#5 D:\WebServer\htdocs\cnAnalysis\index.php(13): CWebApplication->run()
REQUEST_URI=/cnAnalysis/?r=homeAn
in D:\WebServer\htdocs\cnAnalysis\protected\controllers\HomeAnController.php (29)
in D:\WebServer\htdocs\cnAnalysis\index.php (13)
2013/12/18 20:53:12 [error] [php] Undefined variable: TheLoginURL (D:\WebServer\htdocs\cnAnalysis\protected\controllers\HomeAnController.php:29)
Stack trace:
#0 D:\WebServer\htdocs\yii\framework\web\CController.php(286): HomeAnController->runAction()
#1 D:\WebServer\htdocs\yii\framework\web\CController.php(265): HomeAnController->runActionWithFilters()
#2 D:\WebServer\htdocs\yii\framework\web\CWebApplication.php(282): HomeAnController->run()
#3 D:\WebServer\htdocs\yii\framework\web\CWebApplication.php(141): CWebApplication->runController()
#4 D:\WebServer\htdocs\yii\framework\base\CApplication.php(169): CWebApplication->processRequest()
#5 D:\WebServer\htdocs\cnAnalysis\index.php(13): CWebApplication->run()
REQUEST_URI=/cnAnalysis/?r=homeAn
in D:\WebServer\htdocs\cnAnalysis\protected\controllers\HomeAnController.php (29)
in D:\WebServer\htdocs\cnAnalysis\index.php (13)
2013/12/18 21:40:24 [error] [exception.CHttpException.404] exception 'CHttpException' with message 'Unable to resolve the request "js/jquery-1.9.1.min.js".' in D:\WebServer\htdocs\yii\framework\web\CWebApplication.php:286
Stack trace:
#0 D:\WebServer\htdocs\yii\framework\web\CWebApplication.php(141): CWebApplication->runController('js/jquery-1.9.1...')
#1 D:\WebServer\htdocs\yii\framework\base\CApplication.php(169): CWebApplication->processRequest()
#2 D:\WebServer\htdocs\cnAnalysis\index.php(13): CApplication->run()
#3 {main}
REQUEST_URI=/cnAnalysis/index.php/js/jquery-1.9.1.min.js
HTTP_REFERER=http://localhost:7080/cnAnalysis/?r=homeAn
---
2013/12/18 21:40:24 [error] [exception.CHttpException.404] exception 'CHttpException' with message 'Unable to resolve the request "js/html5.js".' in D:\WebServer\htdocs\yii\framework\web\CWebApplication.php:286
Stack trace:
#0 D:\WebServer\htdocs\yii\framework\web\CWebApplication.php(141): CWebApplication->runController('js/html5.js')
#1 D:\WebServer\htdocs\yii\framework\base\CApplication.php(169): CWebApplication->processRequest()
#2 D:\WebServer\htdocs\cnAnalysis\index.php(13): CApplication->run()
#3 {main}
REQUEST_URI=/cnAnalysis/index.php/js/html5.js
HTTP_REFERER=http://localhost:7080/cnAnalysis/?r=homeAn
---
2013/12/18 21:40:24 [error] [exception.CHttpException.404] exception 'CHttpException' with message 'Unable to resolve the request "images/logo.png".' in D:\WebServer\htdocs\yii\framework\web\CWebApplication.php:286
Stack trace:
#0 D:\WebServer\htdocs\yii\framework\web\CWebApplication.php(141): CWebApplication->runController('images/logo.png')
#1 D:\WebServer\htdocs\yii\framework\base\CApplication.php(169): CWebApplication->processRequest()
#2 D:\WebServer\htdocs\cnAnalysis\index.php(13): CApplication->run()
#3 {main}
REQUEST_URI=/cnAnalysis/index.php/images/logo.png
HTTP_REFERER=http://localhost:7080/cnAnalysis/?r=homeAn
---
2013/12/18 21:40:24 [error] [exception.CHttpException.404] exception 'CHttpException' with message 'Unable to resolve the request "images/favicon.ico".' in D:\WebServer\htdocs\yii\framework\web\CWebApplication.php:286
Stack trace:
#0 D:\WebServer\htdocs\yii\framework\web\CWebApplication.php(141): CWebApplication->runController('images/favicon....')
#1 D:\WebServer\htdocs\yii\framework\base\CApplication.php(169): CWebApplication->processRequest()
#2 D:\WebServer\htdocs\cnAnalysis\index.php(13): CApplication->run()
#3 {main}
REQUEST_URI=/cnAnalysis/index.php/images/favicon.ico
---
2013/12/18 21:40:30 [error] [exception.CHttpException.404] exception 'CHttpException' with message 'Unable to resolve the request "js/html5.js".' in D:\WebServer\htdocs\yii\framework\web\CWebApplication.php:286
Stack trace:
#0 D:\WebServer\htdocs\yii\framework\web\CWebApplication.php(141): CWebApplication->runController('js/html5.js')
#1 D:\WebServer\htdocs\yii\framework\base\CApplication.php(169): CWebApplication->processRequest()
#2 D:\WebServer\htdocs\cnAnalysis\index.php(13): CApplication->run()
#3 {main}
REQUEST_URI=/cnAnalysis/index.php/js/html5.js
HTTP_REFERER=http://localhost:7080/cnAnalysis/
---
2013/12/18 21:40:30 [error] [exception.CHttpException.404] exception 'CHttpException' with message 'Unable to resolve the request "js/jquery-1.9.1.min.js".' in D:\WebServer\htdocs\yii\framework\web\CWebApplication.php:286
Stack trace:
#0 D:\WebServer\htdocs\yii\framework\web\CWebApplication.php(141): CWebApplication->runController('js/jquery-1.9.1...')
#1 D:\WebServer\htdocs\yii\framework\base\CApplication.php(169): CWebApplication->processRequest()
#2 D:\WebServer\htdocs\cnAnalysis\index.php(13): CApplication->run()
#3 {main}
REQUEST_URI=/cnAnalysis/index.php/js/jquery-1.9.1.min.js
HTTP_REFERER=http://localhost:7080/cnAnalysis/
---
2013/12/18 21:40:30 [error] [exception.CHttpException.404] exception 'CHttpException' with message 'Unable to resolve the request "images/logo.png".' in D:\WebServer\htdocs\yii\framework\web\CWebApplication.php:286
Stack trace:
#0 D:\WebServer\htdocs\yii\framework\web\CWebApplication.php(141): CWebApplication->runController('images/logo.png')
#1 D:\WebServer\htdocs\yii\framework\base\CApplication.php(169): CWebApplication->processRequest()
#2 D:\WebServer\htdocs\cnAnalysis\index.php(13): CApplication->run()
#3 {main}
REQUEST_URI=/cnAnalysis/index.php/images/logo.png
HTTP_REFERER=http://localhost:7080/cnAnalysis/
---
2013/12/18 22:04:39 [error] [exception.CHttpException.404] exception 'CHttpException' with message 'Unable to resolve the request "js/html5.js".' in D:\WebServer\htdocs\yii\framework\web\CWebApplication.php:286
Stack trace:
#0 D:\WebServer\htdocs\yii\framework\web\CWebApplication.php(141): CWebApplication->runController('js/html5.js')
#1 D:\WebServer\htdocs\yii\framework\base\CApplication.php(169): CWebApplication->processRequest()
#2 D:\WebServer\htdocs\cnAnalysis\index.php(13): CApplication->run()
#3 {main}
REQUEST_URI=/cnAnalysis/index.php/js/html5.js
HTTP_REFERER=http://localhost:7080/cnAnalysis/
---
2013/12/18 22:04:39 [error] [exception.CHttpException.404] exception 'CHttpException' with message 'Unable to resolve the request "images/logo.png".' in D:\WebServer\htdocs\yii\framework\web\CWebApplication.php:286
Stack trace:
#0 D:\WebServer\htdocs\yii\framework\web\CWebApplication.php(141): CWebApplication->runController('images/logo.png')
#1 D:\WebServer\htdocs\yii\framework\base\CApplication.php(169): CWebApplication->processRequest()
#2 D:\WebServer\htdocs\cnAnalysis\index.php(13): CApplication->run()
#3 {main}
REQUEST_URI=/cnAnalysis/index.php/images/logo.png
HTTP_REFERER=http://localhost:7080/cnAnalysis/
---
2013/12/18 22:04:39 [error] [exception.CHttpException.404] exception 'CHttpException' with message 'Unable to resolve the request "js/jquery-1.9.1.min.js".' in D:\WebServer\htdocs\yii\framework\web\CWebApplication.php:286
Stack trace:
#0 D:\WebServer\htdocs\yii\framework\web\CWebApplication.php(141): CWebApplication->runController('js/jquery-1.9.1...')
#1 D:\WebServer\htdocs\yii\framework\base\CApplication.php(169): CWebApplication->processRequest()
#2 D:\WebServer\htdocs\cnAnalysis\index.php(13): CApplication->run()
#3 {main}
REQUEST_URI=/cnAnalysis/index.php/js/jquery-1.9.1.min.js
HTTP_REFERER=http://localhost:7080/cnAnalysis/
---
2013/12/18 22:04:39 [error] [exception.CHttpException.404] exception 'CHttpException' with message 'Unable to resolve the request "images/logo.png".' in D:\WebServer\htdocs\yii\framework\web\CWebApplication.php:286
Stack trace:
#0 D:\WebServer\htdocs\yii\framework\web\CWebApplication.php(141): CWebApplication->runController('images/logo.png')
#1 D:\WebServer\htdocs\yii\framework\base\CApplication.php(169): CWebApplication->processRequest()
#2 D:\WebServer\htdocs\cnAnalysis\index.php(13): CApplication->run()
#3 {main}
REQUEST_URI=/cnAnalysis/index.php/images/logo.png
HTTP_REFERER=http://localhost:7080/cnAnalysis/
---
2013/12/18 22:51:24 [error] [exception.CHttpException.404] exception 'CHttpException' with message 'Unable to resolve the request "js/html5.js".' in D:\WebServer\htdocs\yii\framework\web\CWebApplication.php:286
Stack trace:
#0 D:\WebServer\htdocs\yii\framework\web\CWebApplication.php(141): CWebApplication->runController('js/html5.js')
#1 D:\WebServer\htdocs\yii\framework\base\CApplication.php(169): CWebApplication->processRequest()
#2 D:\WebServer\htdocs\cnAnalysis\index.php(13): CApplication->run()
#3 {main}
REQUEST_URI=/cnAnalysis/index.php/js/html5.js
HTTP_REFERER=http://localhost:7080/cnAnalysis/
---
2013/12/18 22:51:24 [error] [exception.CHttpException.404] exception 'CHttpException' with message 'Unable to resolve the request "js/jquery-1.9.1.min.js".' in D:\WebServer\htdocs\yii\framework\web\CWebApplication.php:286
Stack trace:
#0 D:\WebServer\htdocs\yii\framework\web\CWebApplication.php(141): CWebApplication->runController('js/jquery-1.9.1...')
#1 D:\WebServer\htdocs\yii\framework\base\CApplication.php(169): CWebApplication->processRequest()
#2 D:\WebServer\htdocs\cnAnalysis\index.php(13): CApplication->run()
#3 {main}
REQUEST_URI=/cnAnalysis/index.php/js/jquery-1.9.1.min.js
HTTP_REFERER=http://localhost:7080/cnAnalysis/
---
2013/12/18 22:51:24 [error] [exception.CHttpException.404] exception 'CHttpException' with message 'Unable to resolve the request "images/logo.png".' in D:\WebServer\htdocs\yii\framework\web\CWebApplication.php:286
Stack trace:
#0 D:\WebServer\htdocs\yii\framework\web\CWebApplication.php(141): CWebApplication->runController('images/logo.png')
#1 D:\WebServer\htdocs\yii\framework\base\CApplication.php(169): CWebApplication->processRequest()
#2 D:\WebServer\htdocs\cnAnalysis\index.php(13): CApplication->run()
#3 {main}
REQUEST_URI=/cnAnalysis/index.php/images/logo.png
HTTP_REFERER=http://localhost:7080/cnAnalysis/
---
2013/12/18 22:54:06 [error] [exception.CException] exception 'CException' with message 'Property "CWebApplication.hostInfo" is not defined.' in D:\WebServer\htdocs\yii\framework\base\CComponent.php:130
Stack trace:
#0 D:\WebServer\htdocs\yii\framework\base\CModule.php(105): CComponent->__get('hostInfo')
#1 D:\WebServer\htdocs\cnAnalysis\protected\views\layouts\header.php(8): CModule->__get('hostInfo')
#2 D:\WebServer\htdocs\yii\framework\web\CBaseController.php(126): require('D:\WebServer\ht...')
#3 D:\WebServer\htdocs\yii\framework\web\CBaseController.php(95): CBaseController->renderInternal('D:\WebServer\ht...', NULL, true)
#4 D:\WebServer\htdocs\yii\framework\web\CController.php(869): CBaseController->renderFile('D:\WebServer\ht...', NULL, true)
#5 D:\WebServer\htdocs\cnAnalysis\protected\views\layouts\homepage.php(7): CController->renderPartial('/layouts/header')
#6 D:\WebServer\htdocs\yii\framework\web\CBaseController.php(126): require('D:\WebServer\ht...')
#7 D:\WebServer\htdocs\yii\framework\web\CBaseController.php(95): CBaseController->renderInternal('D:\WebServer\ht...', Array, true)
#8 D:\WebServer\htdocs\yii\framework\web\CController.php(784): CBaseController->renderFile('D:\WebServer\ht...', Array, true)
#9 D:\WebServer\htdocs\cnAnalysis\protected\controllers\HomeAnController.php(32): CController->render('home')
#10 D:\WebServer\htdocs\yii\framework\web\actions\CInlineAction.php(49): HomeAnController->actionHome()
#11 D:\WebServer\htdocs\yii\framework\web\CController.php(308): CInlineAction->runWithParams(Array)
#12 D:\WebServer\htdocs\yii\framework\web\CController.php(286): CController->runAction(Object(CInlineAction))
#13 D:\WebServer\htdocs\yii\framework\web\CController.php(265): CController->runActionWithFilters(Object(CInlineAction), Array)
#14 D:\WebServer\htdocs\yii\framework\web\CWebApplication.php(282): CController->run('')
#15 D:\WebServer\htdocs\yii\framework\web\CWebApplication.php(141): CWebApplication->runController('')
#16 D:\WebServer\htdocs\yii\framework\base\CApplication.php(169): CWebApplication->processRequest()
#17 D:\WebServer\htdocs\cnAnalysis\index.php(13): CApplication->run()
#18 {main}
REQUEST_URI=/cnAnalysis/
---
2013/12/19 12:54:27 [error] [exception.CHttpException.404] exception 'CHttpException' with message 'Unable to resolve the request "js/html5.js".' in D:\WebServer\htdocs\yii\framework\web\CWebApplication.php:286
Stack trace:
#0 D:\WebServer\htdocs\yii\framework\web\CWebApplication.php(141): CWebApplication->runController('js/html5.js')
#1 D:\WebServer\htdocs\yii\framework\base\CApplication.php(169): CWebApplication->processRequest()
#2 D:\WebServer\htdocs\cnAnalysis\index.php(13): CApplication->run()
#3 {main}
REQUEST_URI=/cnAnalysis/index.php/js/html5.js
HTTP_REFERER=http://localhost:7080/cnAnalysis/
---
2013/12/19 12:54:27 [error] [exception.CHttpException.404] exception 'CHttpException' with message 'Unable to resolve the request "images/logo.png".' in D:\WebServer\htdocs\yii\framework\web\CWebApplication.php:286
Stack trace:
#0 D:\WebServer\htdocs\yii\framework\web\CWebApplication.php(141): CWebApplication->runController('images/logo.png')
#1 D:\WebServer\htdocs\yii\framework\base\CApplication.php(169): CWebApplication->processRequest()
#2 D:\WebServer\htdocs\cnAnalysis\index.php(13): CApplication->run()
#3 {main}
REQUEST_URI=/cnAnalysis/index.php/images/logo.png
HTTP_REFERER=http://localhost:7080/cnAnalysis/
---
2013/12/19 12:54:27 [error] [exception.CHttpException.404] exception 'CHttpException' with message 'Unable to resolve the request "js/jquery-1.9.1.min.js".' in D:\WebServer\htdocs\yii\framework\web\CWebApplication.php:286
Stack trace:
#0 D:\WebServer\htdocs\yii\framework\web\CWebApplication.php(141): CWebApplication->runController('js/jquery-1.9.1...')
#1 D:\WebServer\htdocs\yii\framework\base\CApplication.php(169): CWebApplication->processRequest()
#2 D:\WebServer\htdocs\cnAnalysis\index.php(13): CApplication->run()
#3 {main}
REQUEST_URI=/cnAnalysis/index.php/js/jquery-1.9.1.min.js
HTTP_REFERER=http://localhost:7080/cnAnalysis/
---
2013/12/19 12:54:27 [error] [exception.CHttpException.404] exception 'CHttpException' with message 'Unable to resolve the request "images/favicon.ico".' in D:\WebServer\htdocs\yii\framework\web\CWebApplication.php:286
Stack trace:
#0 D:\WebServer\htdocs\yii\framework\web\CWebApplication.php(141): CWebApplication->runController('images/favicon....')
#1 D:\WebServer\htdocs\yii\framework\base\CApplication.php(169): CWebApplication->processRequest()
#2 D:\WebServer\htdocs\cnAnalysis\index.php(13): CApplication->run()
#3 {main}
REQUEST_URI=/cnAnalysis/index.php/images/favicon.ico
---
2013/12/19 12:58:15 [error] [exception.CHttpException.404] exception 'CHttpException' with message 'Unable to resolve the request "js/html5.js".' in D:\WebServer\htdocs\yii\framework\web\CWebApplication.php:286
Stack trace:
#0 D:\WebServer\htdocs\yii\framework\web\CWebApplication.php(141): CWebApplication->runController('js/html5.js')
#1 D:\WebServer\htdocs\yii\framework\base\CApplication.php(169): CWebApplication->processRequest()
#2 D:\WebServer\htdocs\cnAnalysis\index.php(13): CApplication->run()
#3 {main}
REQUEST_URI=/cnAnalysis/index.php/js/html5.js
HTTP_REFERER=http://localhost:7080/cnAnalysis/
---
2013/12/19 12:58:15 [error] [exception.CHttpException.404] exception 'CHttpException' with message 'Unable to resolve the request "js/jquery-1.9.1.min.js".' in D:\WebServer\htdocs\yii\framework\web\CWebApplication.php:286
Stack trace:
#0 D:\WebServer\htdocs\yii\framework\web\CWebApplication.php(141): CWebApplication->runController('js/jquery-1.9.1...')
#1 D:\WebServer\htdocs\yii\framework\base\CApplication.php(169): CWebApplication->processRequest()
#2 D:\WebServer\htdocs\cnAnalysis\index.php(13): CApplication->run()
#3 {main}
REQUEST_URI=/cnAnalysis/index.php/js/jquery-1.9.1.min.js
HTTP_REFERER=http://localhost:7080/cnAnalysis/
---
2013/12/19 13:01:04 [error] [exception.CHttpException.404] exception 'CHttpException' with message 'Unable to resolve the request "js/jquery-1.9.1.min.js".' in D:\WebServer\htdocs\yii\framework\web\CWebApplication.php:286
Stack trace:
#0 D:\WebServer\htdocs\yii\framework\web\CWebApplication.php(141): CWebApplication->runController('js/jquery-1.9.1...')
#1 D:\WebServer\htdocs\yii\framework\base\CApplication.php(169): CWebApplication->processRequest()
#2 D:\WebServer\htdocs\cnAnalysis\index.php(13): CApplication->run()
#3 {main}
REQUEST_URI=/cnAnalysis/index.php/js/jquery-1.9.1.min.js
HTTP_REFERER=http://localhost:7080/cnAnalysis/
---
2013/12/19 13:01:04 [error] [exception.CHttpException.404] exception 'CHttpException' with message 'Unable to resolve the request "js/html5.js".' in D:\WebServer\htdocs\yii\framework\web\CWebApplication.php:286
Stack trace:
#0 D:\WebServer\htdocs\yii\framework\web\CWebApplication.php(141): CWebApplication->runController('js/html5.js')
#1 D:\WebServer\htdocs\yii\framework\base\CApplication.php(169): CWebApplication->processRequest()
#2 D:\WebServer\htdocs\cnAnalysis\index.php(13): CApplication->run()
#3 {main}
REQUEST_URI=/cnAnalysis/index.php/js/html5.js
HTTP_REFERER=http://localhost:7080/cnAnalysis/
---
2013/12/19 13:02:00 [error] [exception.CHttpException.404] exception 'CHttpException' with message 'Unable to resolve the request "js/html5.js".' in D:\WebServer\htdocs\yii\framework\web\CWebApplication.php:286
Stack trace:
#0 D:\WebServer\htdocs\yii\framework\web\CWebApplication.php(141): CWebApplication->runController('js/html5.js')
#1 D:\WebServer\htdocs\yii\framework\base\CApplication.php(169): CWebApplication->processRequest()
#2 D:\WebServer\htdocs\cnAnalysis\index.php(13): CApplication->run()
#3 {main}
REQUEST_URI=/cnAnalysis/index.php/js/html5.js
HTTP_REFERER=http://localhost:7080/cnAnalysis/
---
2013/12/19 13:02:00 [error] [exception.CHttpException.404] exception 'CHttpException' with message 'Unable to resolve the request "js/jquery-1.9.1.min.js".' in D:\WebServer\htdocs\yii\framework\web\CWebApplication.php:286
Stack trace:
#0 D:\WebServer\htdocs\yii\framework\web\CWebApplication.php(141): CWebApplication->runController('js/jquery-1.9.1...')
#1 D:\WebServer\htdocs\yii\framework\base\CApplication.php(169): CWebApplication->processRequest()
#2 D:\WebServer\htdocs\cnAnalysis\index.php(13): CApplication->run()
#3 {main}
REQUEST_URI=/cnAnalysis/index.php/js/jquery-1.9.1.min.js
HTTP_REFERER=http://localhost:7080/cnAnalysis/
---
2013/12/19 13:03:35 [error] [exception.CHttpException.404] exception 'CHttpException' with message 'Unable to resolve the request "js/html5.js".' in D:\WebServer\htdocs\yii\framework\web\CWebApplication.php:286
Stack trace:
#0 D:\WebServer\htdocs\yii\framework\web\CWebApplication.php(141): CWebApplication->runController('js/html5.js')
#1 D:\WebServer\htdocs\yii\framework\base\CApplication.php(169): CWebApplication->processRequest()
#2 D:\WebServer\htdocs\cnAnalysis\index.php(13): CApplication->run()
#3 {main}
REQUEST_URI=/cnAnalysis/index.php/js/html5.js
HTTP_REFERER=http://localhost:7080/cnAnalysis/
---
2013/12/19 13:03:35 [error] [exception.CHttpException.404] exception 'CHttpException' with message 'Unable to resolve the request "js/jquery-1.9.1.min.js".' in D:\WebServer\htdocs\yii\framework\web\CWebApplication.php:286
Stack trace:
#0 D:\WebServer\htdocs\yii\framework\web\CWebApplication.php(141): CWebApplication->runController('js/jquery-1.9.1...')
#1 D:\WebServer\htdocs\yii\framework\base\CApplication.php(169): CWebApplication->processRequest()
#2 D:\WebServer\htdocs\cnAnalysis\index.php(13): CApplication->run()
#3 {main}
REQUEST_URI=/cnAnalysis/index.php/js/jquery-1.9.1.min.js
HTTP_REFERER=http://localhost:7080/cnAnalysis/
---
2013/12/19 13:04:27 [error] [exception.CHttpException.404] exception 'CHttpException' with message 'Unable to resolve the request "js/html5.js".' in D:\WebServer\htdocs\yii\framework\web\CWebApplication.php:286
Stack trace:
#0 D:\WebServer\htdocs\yii\framework\web\CWebApplication.php(141): CWebApplication->runController('js/html5.js')
#1 D:\WebServer\htdocs\yii\framework\base\CApplication.php(169): CWebApplication->processRequest()
#2 D:\WebServer\htdocs\cnAnalysis\index.php(13): CApplication->run()
#3 {main}
REQUEST_URI=/cnAnalysis/index.php/js/html5.js
HTTP_REFERER=http://localhost:7080/cnAnalysis/
---
2013/12/19 13:04:27 [error] [exception.CHttpException.404] exception 'CHttpException' with message 'Unable to resolve the request "js/jquery-1.9.1.min.js".' in D:\WebServer\htdocs\yii\framework\web\CWebApplication.php:286
Stack trace:
#0 D:\WebServer\htdocs\yii\framework\web\CWebApplication.php(141): CWebApplication->runController('js/jquery-1.9.1...')
#1 D:\WebServer\htdocs\yii\framework\base\CApplication.php(169): CWebApplication->processRequest()
#2 D:\WebServer\htdocs\cnAnalysis\index.php(13): CApplication->run()
#3 {main}
REQUEST_URI=/cnAnalysis/index.php/js/jquery-1.9.1.min.js
HTTP_REFERER=http://localhost:7080/cnAnalysis/
---
2013/12/19 13:23:24 [error] [exception.CHttpException.404] exception 'CHttpException' with message 'The system is unable to find the requested action "css".' in D:\WebServer\htdocs\yii\framework\web\CController.php:483
Stack trace:
#0 D:\WebServer\htdocs\yii\framework\web\CController.php(270): CController->missingAction('css')
#1 D:\WebServer\htdocs\yii\framework\web\CWebApplication.php(282): CController->run('css')
#2 D:\WebServer\htdocs\yii\framework\web\CWebApplication.php(141): CWebApplication->runController('homeAn/css/styl...')
#3 D:\WebServer\htdocs\yii\framework\base\CApplication.php(169): CWebApplication->processRequest()
#4 D:\WebServer\htdocs\cnAnalysis\index.php(13): CApplication->run()
#5 {main}
REQUEST_URI=/cnAnalysis/index.php/homeAn/css/style.css
HTTP_REFERER=http://jelcore.oicp.net:7080/cnAnalysis/index.php/homeAn/Login
---
2013/12/19 13:23:24 [error] [exception.CHttpException.404] exception 'CHttpException' with message 'The system is unable to find the requested action "images".' in D:\WebServer\htdocs\yii\framework\web\CController.php:483
Stack trace:
#0 D:\WebServer\htdocs\yii\framework\web\CController.php(270): CController->missingAction('images')
#1 D:\WebServer\htdocs\yii\framework\web\CWebApplication.php(282): CController->run('images')
#2 D:\WebServer\htdocs\yii\framework\web\CWebApplication.php(141): CWebApplication->runController('homeAn/images/v...')
#3 D:\WebServer\htdocs\yii\framework\base\CApplication.php(169): CWebApplication->processRequest()
#4 D:\WebServer\htdocs\cnAnalysis\index.php(13): CApplication->run()
#5 {main}
REQUEST_URI=/cnAnalysis/index.php/homeAn/images/vcode.png
HTTP_REFERER=http://jelcore.oicp.net:7080/cnAnalysis/index.php/homeAn/Login
---
2013/12/19 13:24:27 [error] [exception.CHttpException.404] exception 'CHttpException' with message 'The system is unable to find the requested action "css".' in D:\WebServer\htdocs\yii\framework\web\CController.php:483
Stack trace:
#0 D:\WebServer\htdocs\yii\framework\web\CController.php(270): CController->missingAction('css')
#1 D:\WebServer\htdocs\yii\framework\web\CWebApplication.php(282): CController->run('css')
#2 D:\WebServer\htdocs\yii\framework\web\CWebApplication.php(141): CWebApplication->runController('homeAn/css/styl...')
#3 D:\WebServer\htdocs\yii\framework\base\CApplication.php(169): CWebApplication->processRequest()
#4 D:\WebServer\htdocs\cnAnalysis\index.php(13): CApplication->run()
#5 {main}
REQUEST_URI=/cnAnalysis/index.php/homeAn/css/style.css
HTTP_REFERER=http://jelcore.oicp.net:7080/cnAnalysis/index.php/homeAn/Login
---
2013/12/19 13:25:56 [error] [exception.CHttpException.404] exception 'CHttpException' with message 'The system is unable to find the requested action "images".' in D:\WebServer\htdocs\yii\framework\web\CController.php:483
Stack trace:
#0 D:\WebServer\htdocs\yii\framework\web\CController.php(270): CController->missingAction('images')
#1 D:\WebServer\htdocs\yii\framework\web\CWebApplication.php(282): CController->run('images')
#2 D:\WebServer\htdocs\yii\framework\web\CWebApplication.php(141): CWebApplication->runController('homeAn/images/v...')
#3 D:\WebServer\htdocs\yii\framework\base\CApplication.php(169): CWebApplication->processRequest()
#4 D:\WebServer\htdocs\cnAnalysis\index.php(13): CApplication->run()
#5 {main}
REQUEST_URI=/cnAnalysis/index.php/homeAn/images/vcode.png
HTTP_REFERER=http://jelcore.oicp.net:7080/cnAnalysis/index.php/homeAn/Login
---
2013/12/19 13:26:41 [error] [php] Undefined variable: ImagesURL (D:\WebServer\htdocs\cnAnalysis\protected\views\homeAn\login.php:28)
Stack trace:
#0 D:\WebServer\htdocs\yii\framework\web\CController.php(869): HomeAnController->renderFile()
#1 D:\WebServer\htdocs\yii\framework\web\CController.php(782): HomeAnController->renderPartial()
#2 D:\WebServer\htdocs\cnAnalysis\protected\controllers\HomeAnController.php(37): HomeAnController->render()
#3 D:\WebServer\htdocs\yii\framework\web\actions\CInlineAction.php(49): HomeAnController->actionLogin()
#4 D:\WebServer\htdocs\yii\framework\web\CController.php(308): CInlineAction->runWithParams()
#5 D:\WebServer\htdocs\yii\framework\web\CController.php(286): HomeAnController->runAction()
#6 D:\WebServer\htdocs\yii\framework\web\CController.php(265): HomeAnController->runActionWithFilters()
#7 D:\WebServer\htdocs\yii\framework\web\CWebApplication.php(282): HomeAnController->run()
#8 D:\WebServer\htdocs\yii\framework\web\CWebApplication.php(141): CWebApplication->runController()
#9 D:\WebServer\htdocs\yii\framework\base\CApplication.php(169): CWebApplication->processRequest()
#10 D:\WebServer\htdocs\cnAnalysis\index.php(13): CWebApplication->run()
REQUEST_URI=/cnAnalysis/index.php/homeAn/Login
in D:\WebServer\htdocs\cnAnalysis\protected\views\homeAn\login.php (28)
in D:\WebServer\htdocs\cnAnalysis\protected\controllers\HomeAnController.php (37)
in D:\WebServer\htdocs\cnAnalysis\index.php (13)
2013/12/19 13:29:26 [error] [exception.CHttpException.404] exception 'CHttpException' with message 'The system is unable to find the requested action "images".' in D:\WebServer\htdocs\yii\framework\web\CController.php:483
Stack trace:
#0 D:\WebServer\htdocs\yii\framework\web\CController.php(270): CController->missingAction('images')
#1 D:\WebServer\htdocs\yii\framework\web\CWebApplication.php(282): CController->run('images')
#2 D:\WebServer\htdocs\yii\framework\web\CWebApplication.php(141): CWebApplication->runController('homeAn/images/v...')
#3 D:\WebServer\htdocs\yii\framework\base\CApplication.php(169): CWebApplication->processRequest()
#4 D:\WebServer\htdocs\cnAnalysis\index.php(13): CApplication->run()
#5 {main}
REQUEST_URI=/cnAnalysis/index.php/homeAn/images/vcode.png
HTTP_REFERER=http://jelcore.oicp.net:7080/cnAnalysis/index.php/homeAn/Register
---
2013/12/20 15:09:47 [error] [php] Undefined variable: TheMoreLink1 (D:\WebServer\htdocs\cnAnalysis\protected\views\homeAn\home.php:21)
Stack trace:
#0 D:\WebServer\htdocs\yii\framework\web\CController.php(869): HomeAnController->renderFile()
#1 D:\WebServer\htdocs\yii\framework\web\CController.php(782): HomeAnController->renderPartial()
#2 D:\WebServer\htdocs\cnAnalysis\protected\controllers\HomeAnController.php(41): HomeAnController->render()
#3 D:\WebServer\htdocs\yii\framework\web\actions\CInlineAction.php(49): HomeAnController->actionHome()
#4 D:\WebServer\htdocs\yii\framework\web\CController.php(308): CInlineAction->runWithParams()
#5 D:\WebServer\htdocs\yii\framework\web\CController.php(286): HomeAnController->runAction()
#6 D:\WebServer\htdocs\yii\framework\web\CController.php(265): HomeAnController->runActionWithFilters()
#7 D:\WebServer\htdocs\yii\framework\web\CWebApplication.php(282): HomeAnController->run()
#8 D:\WebServer\htdocs\yii\framework\web\CWebApplication.php(141): CWebApplication->runController()
#9 D:\WebServer\htdocs\yii\framework\base\CApplication.php(169): CWebApplication->processRequest()
#10 D:\WebServer\htdocs\cnAnalysis\index.php(13): CWebApplication->run()
REQUEST_URI=/cnAnalysis/
in D:\WebServer\htdocs\cnAnalysis\protected\views\homeAn\home.php (21)
in D:\WebServer\htdocs\cnAnalysis\protected\controllers\HomeAnController.php (41)
in D:\WebServer\htdocs\cnAnalysis\index.php (13)
2013/12/20 16:27:34 [error] [system.db.CDbCommand] CDbCommand::fetchAll() failed: SQLSTATE[42S22]: Column not found: 1054 Unknown column 'atype' in 'where clause'. The SQL statement executed was: SELECT * FROM `an_article` `t` WHERE atype=:thetype.
in D:\WebServer\htdocs\cnAnalysis\protected\controllers\HomeAnController.php (65)
in D:\WebServer\htdocs\cnAnalysis\index.php (13)
2013/12/20 16:27:34 [error] [exception.CDbException] exception 'CDbException' with message 'CDbCommand failed to execute the SQL statement: SQLSTATE[42S22]: Column not found: 1054 Unknown column 'atype' in 'where clause'. The SQL statement executed was: SELECT * FROM `an_article` `t` WHERE atype=:thetype' in D:\WebServer\htdocs\yii\framework\db\CDbCommand.php:541
Stack trace:
#0 D:\WebServer\htdocs\yii\framework\db\CDbCommand.php(395): CDbCommand->queryInternal('fetchAll', Array, Array)
#1 D:\WebServer\htdocs\yii\framework\db\ar\CActiveRecord.php(1297): CDbCommand->queryAll()
#2 D:\WebServer\htdocs\yii\framework\db\ar\CActiveRecord.php(1416): CActiveRecord->query(Object(CDbCriteria), true)
#3 D:\WebServer\htdocs\cnAnalysis\protected\controllers\HomeAnController.php(65): CActiveRecord->findAll('atype=:thetype', Array)
#4 [internal function]: HomeAnController->actionDoMore(1)
#5 D:\WebServer\htdocs\yii\framework\web\actions\CAction.php(108): ReflectionMethod->invokeArgs(Object(HomeAnController), Array)
#6 D:\WebServer\htdocs\yii\framework\web\actions\CInlineAction.php(47): CAction->runWithParamsInternal(Object(HomeAnController), Object(ReflectionMethod), Array)
#7 D:\WebServer\htdocs\yii\framework\web\CController.php(308): CInlineAction->runWithParams(Array)
#8 D:\WebServer\htdocs\yii\framework\web\CController.php(286): CController->runAction(Object(CInlineAction))
#9 D:\WebServer\htdocs\yii\framework\web\CController.php(265): CController->runActionWithFilters(Object(CInlineAction), Array)
#10 D:\WebServer\htdocs\yii\framework\web\CWebApplication.php(282): CController->run('DoMore')
#11 D:\WebServer\htdocs\yii\framework\web\CWebApplication.php(141): CWebApplication->runController('homeAn/DoMore')
#12 D:\WebServer\htdocs\yii\framework\base\CApplication.php(169): CWebApplication->processRequest()
#13 D:\WebServer\htdocs\cnAnalysis\index.php(13): CApplication->run()
#14 {main}
REQUEST_URI=/cnAnalysis/index.php?r=homeAn/DoMore&atid=2
HTTP_REFERER=http://localhost:7080/cnAnalysis/index.php
---
2013/12/20 16:31:10 [error] [system.db.CDbCommand] CDbCommand::fetchAll() failed: SQLSTATE[42S22]: Column not found: 1054 Unknown column 'atype' in 'where clause'. The SQL statement executed was: SELECT * FROM `an_article` `t` WHERE atype=:thetype.
in D:\WebServer\htdocs\cnAnalysis\protected\controllers\HomeAnController.php (66)
in D:\WebServer\htdocs\cnAnalysis\index.php (13)
2013/12/20 16:31:10 [error] [exception.CDbException] exception 'CDbException' with message 'CDbCommand failed to execute the SQL statement: SQLSTATE[42S22]: Column not found: 1054 Unknown column 'atype' in 'where clause'. The SQL statement executed was: SELECT * FROM `an_article` `t` WHERE atype=:thetype' in D:\WebServer\htdocs\yii\framework\db\CDbCommand.php:541
Stack trace:
#0 D:\WebServer\htdocs\yii\framework\db\CDbCommand.php(395): CDbCommand->queryInternal('fetchAll', Array, Array)
#1 D:\WebServer\htdocs\yii\framework\db\ar\CActiveRecord.php(1297): CDbCommand->queryAll()
#2 D:\WebServer\htdocs\yii\framework\db\ar\CActiveRecord.php(1416): CActiveRecord->query(Object(CDbCriteria), true)
#3 D:\WebServer\htdocs\cnAnalysis\protected\controllers\HomeAnController.php(66): CActiveRecord->findAll('atype=:thetype', Array)
#4 [internal function]: HomeAnController->actionDoMore(1)
#5 D:\WebServer\htdocs\yii\framework\web\actions\CAction.php(108): ReflectionMethod->invokeArgs(Object(HomeAnController), Array)
#6 D:\WebServer\htdocs\yii\framework\web\actions\CInlineAction.php(47): CAction->runWithParamsInternal(Object(HomeAnController), Object(ReflectionMethod), Array)
#7 D:\WebServer\htdocs\yii\framework\web\CController.php(308): CInlineAction->runWithParams(Array)
#8 D:\WebServer\htdocs\yii\framework\web\CController.php(286): CController->runAction(Object(CInlineAction))
#9 D:\WebServer\htdocs\yii\framework\web\CController.php(265): CController->runActionWithFilters(Object(CInlineAction), Array)
#10 D:\WebServer\htdocs\yii\framework\web\CWebApplication.php(282): CController->run('DoMore')
#11 D:\WebServer\htdocs\yii\framework\web\CWebApplication.php(141): CWebApplication->runController('homeAn/DoMore')
#12 D:\WebServer\htdocs\yii\framework\base\CApplication.php(169): CWebApplication->processRequest()
#13 D:\WebServer\htdocs\cnAnalysis\index.php(13): CApplication->run()
#14 {main}
REQUEST_URI=/cnAnalysis/index.php?r=homeAn/DoMore&atid=2
---
2013/12/20 16:33:43 [error] [php] Undefined variable: atype (D:\WebServer\htdocs\cnAnalysis\protected\views\homeAn\articlelist.php:15)
Stack trace:
#0 D:\WebServer\htdocs\yii\framework\web\CController.php(869): HomeAnController->renderFile()
#1 D:\WebServer\htdocs\yii\framework\web\CController.php(782): HomeAnController->renderPartial()
#2 D:\WebServer\htdocs\cnAnalysis\protected\controllers\HomeAnController.php(67): HomeAnController->render()
#3 unknown(0): HomeAnController->actionDoMore()
#4 D:\WebServer\htdocs\yii\framework\web\actions\CAction.php(108): ReflectionMethod->invokeArgs()
#5 D:\WebServer\htdocs\yii\framework\web\actions\CInlineAction.php(47): CInlineAction->runWithParamsInternal()
#6 D:\WebServer\htdocs\yii\framework\web\CController.php(308): CInlineAction->runWithParams()
#7 D:\WebServer\htdocs\yii\framework\web\CController.php(286): HomeAnController->runAction()
#8 D:\WebServer\htdocs\yii\framework\web\CController.php(265): HomeAnController->runActionWithFilters()
#9 D:\WebServer\htdocs\yii\framework\web\CWebApplication.php(282): HomeAnController->run()
#10 D:\WebServer\htdocs\yii\framework\web\CWebApplication.php(141): CWebApplication->runController()
#11 D:\WebServer\htdocs\yii\framework\base\CApplication.php(169): CWebApplication->processRequest()
#12 D:\WebServer\htdocs\cnAnalysis\index.php(13): CWebApplication->run()
REQUEST_URI=/cnAnalysis/index.php?r=homeAn/DoMore&atid=2
in D:\WebServer\htdocs\cnAnalysis\protected\views\homeAn\articlelist.php (15)
in D:\WebServer\htdocs\cnAnalysis\protected\controllers\HomeAnController.php (67)
in D:\WebServer\htdocs\cnAnalysis\index.php (13)
2013/12/20 19:57:56 [error] [system.db.CDbCommand] CDbCommand::fetchAll() failed: SQLSTATE[42S22]: Column not found: 1054 Unknown column 'thetype' in 'where clause'. The SQL statement executed was: SELECT * FROM `an_article` `t` WHERE typeid=thetype.
in D:\WebServer\htdocs\cnAnalysis\protected\controllers\HomeAnController.php (65)
in D:\WebServer\htdocs\cnAnalysis\index.php (13)
2013/12/20 19:57:56 [error] [exception.CDbException] exception 'CDbException' with message 'CDbCommand failed to execute the SQL statement: SQLSTATE[42S22]: Column not found: 1054 Unknown column 'thetype' in 'where clause'. The SQL statement executed was: SELECT * FROM `an_article` `t` WHERE typeid=thetype' in D:\WebServer\htdocs\yii\framework\db\CDbCommand.php:541
Stack trace:
#0 D:\WebServer\htdocs\yii\framework\db\CDbCommand.php(395): CDbCommand->queryInternal('fetchAll', Array, Array)
#1 D:\WebServer\htdocs\yii\framework\db\ar\CActiveRecord.php(1297): CDbCommand->queryAll()
#2 D:\WebServer\htdocs\yii\framework\db\ar\CActiveRecord.php(1416): CActiveRecord->query(Object(CDbCriteria), true)
#3 D:\WebServer\htdocs\cnAnalysis\protected\controllers\HomeAnController.php(65): CActiveRecord->findAll('typeid=thetype', Array)
#4 [internal function]: HomeAnController->actionDoMore(1)
#5 D:\WebServer\htdocs\yii\framework\web\actions\CAction.php(108): ReflectionMethod->invokeArgs(Object(HomeAnController), Array)
#6 D:\WebServer\htdocs\yii\framework\web\actions\CInlineAction.php(47): CAction->runWithParamsInternal(Object(HomeAnController), Object(ReflectionMethod), Array)
#7 D:\WebServer\htdocs\yii\framework\web\CController.php(308): CInlineAction->runWithParams(Array)
#8 D:\WebServer\htdocs\yii\framework\web\CController.php(286): CController->runAction(Object(CInlineAction))
#9 D:\WebServer\htdocs\yii\framework\web\CController.php(265): CController->runActionWithFilters(Object(CInlineAction), Array)
#10 D:\WebServer\htdocs\yii\framework\web\CWebApplication.php(282): CController->run('DoMore')
#11 D:\WebServer\htdocs\yii\framework\web\CWebApplication.php(141): CWebApplication->runController('homeAn/DoMore')
#12 D:\WebServer\htdocs\yii\framework\base\CApplication.php(169): CWebApplication->processRequest()
#13 D:\WebServer\htdocs\cnAnalysis\index.php(13): CApplication->run()
#14 {main}
REQUEST_URI=/cnAnalysis/index.php?r=homeAn/DoMore&atid=2
---
